<?xml version="1.0" encoding="UTF-8"?>
<testsuite xmlns:xsi="http://www.w3.org/2001/XMLSchema-instance" xsi:noNamespaceSchemaLocation="https://maven.apache.org/surefire/maven-surefire-plugin/xsd/surefire-test-report-3.0.xsd" version="3.0" name="services.MachineServiceTest" time="4.848" tests="5" errors="0" skipped="0" failures="0">
  <properties>
[...]
</properties>
  <testcase name="testFindBetweenDate" classname="services.MachineServiceTest" time="4.44">
    <system-out><![CDATA[Hibernate: 
    insert 
    into
        salles
        (code) 
    values
        (?)
Hibernate: 
    insert 
    into
        Machine
        (dateAchat, ref, salle_id) 
    values
        (?, ?, ?)
Hibernate: 
    select
        m1_0.id,
        m1_0.dateAchat,
        m1_0.ref,
        m1_0.salle_id 
    from
        Machine m1_0 
    where
        m1_0.dateAchat between ? and ?
Hibernate: 
    select
        s1_0.id,
        s1_0.code,
        m1_0.salle_id,
        m1_0.id,
        m1_0.dateAchat,
        m1_0.ref 
    from
        salles s1_0 
    left join
        Machine m1_0 
            on s1_0.id=m1_0.salle_id 
    where
        s1_0.id=?
Hibernate: 
    select
        s1_0.id,
        s1_0.code,
        m1_0.salle_id,
        m1_0.id,
        m1_0.dateAchat,
        m1_0.ref 
    from
        salles s1_0 
    left join
        Machine m1_0 
            on s1_0.id=m1_0.salle_id 
    where
        s1_0.id=?
Hibernate: 
    select
        s1_0.id,
        s1_0.code,
        m1_0.salle_id,
        m1_0.id,
        m1_0.dateAchat,
        m1_0.ref 
    from
        salles s1_0 
    left join
        Machine m1_0 
            on s1_0.id=m1_0.salle_id 
    where
        s1_0.id=?
Hibernate: 
    select
        m1_0.id,
        m1_0.dateAchat,
        m1_0.ref,
        s1_0.id,
        s1_0.code 
    from
        Machine m1_0 
    left join
        salles s1_0 
            on s1_0.id=m1_0.salle_id 
    where
        m1_0.id=?
Hibernate: 
    select
        m1_0.salle_id,
        m1_0.id,
        m1_0.dateAchat,
        m1_0.ref 
    from
        Machine m1_0 
    where
        m1_0.salle_id=?
Hibernate: 
    delete 
    from
        Machine 
    where
        id=?
Hibernate: 
    select
        s1_0.id,
        s1_0.code,
        m1_0.salle_id,
        m1_0.id,
        m1_0.dateAchat,
        m1_0.ref 
    from
        salles s1_0 
    left join
        Machine m1_0 
            on s1_0.id=m1_0.salle_id 
    where
        s1_0.id=?
Hibernate: 
    delete 
    from
        salles 
    where
        id=?
]]></system-out>
    <system-err><![CDATA[Oct 17, 2025 4:27:51 AM org.hibernate.Version logVersion
INFO: HHH000412: Hibernate ORM core version 6.4.4.Final
Oct 17, 2025 4:27:51 AM org.hibernate.boot.jaxb.internal.stax.LocalXmlResourceResolver resolveEntity
WARN: HHH90000012: Recognized obsolete hibernate namespace http://hibernate.sourceforge.net/hibernate-configuration. Use namespace http://www.hibernate.org/dtd/hibernate-configuration instead.  Support for obsolete DTD/XSD namespaces may be removed at any time.
Oct 17, 2025 4:27:51 AM org.hibernate.cache.internal.RegionFactoryInitiator initiateService
INFO: HHH000026: Second-level cache disabled
Oct 17, 2025 4:27:52 AM org.hibernate.engine.jdbc.connections.internal.DriverManagerConnectionProviderImpl configure
WARN: HHH10001002: Using built-in connection pool (not intended for production use)
Oct 17, 2025 4:27:52 AM org.hibernate.engine.jdbc.connections.internal.DriverManagerConnectionProviderImpl buildCreator
INFO: HHH10001005: Loaded JDBC driver class: com.mysql.cj.jdbc.Driver
Oct 17, 2025 4:27:52 AM org.hibernate.engine.jdbc.connections.internal.DriverManagerConnectionProviderImpl buildCreator
INFO: HHH10001012: Connecting with JDBC URL [jdbc:mysql://localhost:3306/base?useSSL=false&serverTimezone=UTC]
Oct 17, 2025 4:27:52 AM org.hibernate.engine.jdbc.connections.internal.DriverManagerConnectionProviderImpl buildCreator
INFO: HHH10001001: Connection properties: {user=root, password=****}
Oct 17, 2025 4:27:52 AM org.hibernate.engine.jdbc.connections.internal.DriverManagerConnectionProviderImpl buildCreator
INFO: HHH10001003: Autocommit mode: false
Oct 17, 2025 4:27:52 AM org.hibernate.engine.jdbc.connections.internal.DriverManagerConnectionProviderImpl$PooledConnections <init>
INFO: HHH10001115: Connection pool size: 20 (min=1)
Oct 17, 2025 4:27:52 AM org.hibernate.engine.jdbc.dialect.internal.DialectFactoryImpl constructDialect
WARN: HHH90000025: MySQL8Dialect does not need to be specified explicitly using 'hibernate.dialect' (remove the property setting and it will be selected by default)
Oct 17, 2025 4:27:52 AM org.hibernate.engine.jdbc.dialect.internal.DialectFactoryImpl logSelectedDialect
WARN: HHH90000026: MySQL8Dialect has been deprecated; use org.hibernate.dialect.MySQLDialect instead
Oct 17, 2025 4:27:54 AM org.hibernate.engine.transaction.jta.platform.internal.JtaPlatformInitiator initiateService
INFO: HHH000489: No JTA platform available (set 'hibernate.transaction.jta.platform' to enable JTA platform integration)
Oct 17, 2025 4:27:55 AM org.hibernate.resource.transaction.backend.jdbc.internal.DdlTransactionIsolatorNonJtaImpl getIsolatedConnection
INFO: HHH10001501: Connection obtained from JdbcConnectionAccess [org.hibernate.engine.jdbc.env.internal.JdbcEnvironmentInitiator$ConnectionProviderJdbcConnectionAccess@4a105556] for (non-JTA) DDL execution was not in auto-commit mode; the Connection 'local transaction' will be committed and the Connection will be set into auto-commit mode.
]]></system-err>
  </testcase>
  <testcase name="testFindById" classname="services.MachineServiceTest" time="0.09">
    <system-out><![CDATA[Hibernate: 
    insert 
    into
        salles
        (code) 
    values
        (?)
Hibernate: 
    insert 
    into
        Machine
        (dateAchat, ref, salle_id) 
    values
        (?, ?, ?)
Hibernate: 
    select
        m1_0.id,
        m1_0.dateAchat,
        m1_0.ref,
        s1_0.id,
        s1_0.code 
    from
        Machine m1_0 
    left join
        salles s1_0 
            on s1_0.id=m1_0.salle_id 
    where
        m1_0.id=?
Hibernate: 
    select
        m1_0.salle_id,
        m1_0.id,
        m1_0.dateAchat,
        m1_0.ref 
    from
        Machine m1_0 
    where
        m1_0.salle_id=?
Hibernate: 
    select
        m1_0.id,
        m1_0.dateAchat,
        m1_0.ref,
        s1_0.id,
        s1_0.code 
    from
        Machine m1_0 
    left join
        salles s1_0 
            on s1_0.id=m1_0.salle_id 
    where
        m1_0.id=?
Hibernate: 
    select
        m1_0.salle_id,
        m1_0.id,
        m1_0.dateAchat,
        m1_0.ref 
    from
        Machine m1_0 
    where
        m1_0.salle_id=?
Hibernate: 
    delete 
    from
        Machine 
    where
        id=?
Hibernate: 
    select
        s1_0.id,
        s1_0.code,
        m1_0.salle_id,
        m1_0.id,
        m1_0.dateAchat,
        m1_0.ref 
    from
        salles s1_0 
    left join
        Machine m1_0 
            on s1_0.id=m1_0.salle_id 
    where
        s1_0.id=?
Hibernate: 
    delete 
    from
        salles 
    where
        id=?
]]></system-out>
  </testcase>
  <testcase name="testCreate" classname="services.MachineServiceTest" time="0.077">
    <system-out><![CDATA[Hibernate: 
    insert 
    into
        salles
        (code) 
    values
        (?)
Hibernate: 
    insert 
    into
        Machine
        (dateAchat, ref, salle_id) 
    values
        (?, ?, ?)
Hibernate: 
    select
        m1_0.id,
        m1_0.dateAchat,
        m1_0.ref,
        s1_0.id,
        s1_0.code 
    from
        Machine m1_0 
    left join
        salles s1_0 
            on s1_0.id=m1_0.salle_id 
    where
        m1_0.id=?
Hibernate: 
    select
        m1_0.salle_id,
        m1_0.id,
        m1_0.dateAchat,
        m1_0.ref 
    from
        Machine m1_0 
    where
        m1_0.salle_id=?
Hibernate: 
    delete 
    from
        Machine 
    where
        id=?
Hibernate: 
    select
        s1_0.id,
        s1_0.code,
        m1_0.salle_id,
        m1_0.id,
        m1_0.dateAchat,
        m1_0.ref 
    from
        salles s1_0 
    left join
        Machine m1_0 
            on s1_0.id=m1_0.salle_id 
    where
        s1_0.id=?
Hibernate: 
    delete 
    from
        salles 
    where
        id=?
]]></system-out>
  </testcase>
  <testcase name="testDelete" classname="services.MachineServiceTest" time="0.085">
    <system-out><![CDATA[Hibernate: 
    insert 
    into
        salles
        (code) 
    values
        (?)
Hibernate: 
    insert 
    into
        Machine
        (dateAchat, ref, salle_id) 
    values
        (?, ?, ?)
Hibernate: 
    delete 
    from
        Machine 
    where
        id=?
Hibernate: 
    select
        m1_0.id,
        m1_0.dateAchat,
        m1_0.ref,
        s1_0.id,
        s1_0.code 
    from
        Machine m1_0 
    left join
        salles s1_0 
            on s1_0.id=m1_0.salle_id 
    where
        m1_0.id=?
Hibernate: 
    select
        m1_0.id,
        m1_0.dateAchat,
        m1_0.ref,
        s1_0.id,
        s1_0.code 
    from
        Machine m1_0 
    left join
        salles s1_0 
            on s1_0.id=m1_0.salle_id 
    where
        m1_0.id=?
Hibernate: 
    select
        s1_0.id,
        s1_0.code,
        m1_0.salle_id,
        m1_0.id,
        m1_0.dateAchat,
        m1_0.ref 
    from
        salles s1_0 
    left join
        Machine m1_0 
            on s1_0.id=m1_0.salle_id 
    where
        s1_0.id=?
Hibernate: 
    delete 
    from
        salles 
    where
        id=?
]]></system-out>
  </testcase>
  <testcase name="testUpdate" classname="services.MachineServiceTest" time="0.103">
    <system-out><![CDATA[Hibernate: 
    insert 
    into
        salles
        (code) 
    values
        (?)
Hibernate: 
    insert 
    into
        Machine
        (dateAchat, ref, salle_id) 
    values
        (?, ?, ?)
Hibernate: 
    update
        Machine 
    set
        dateAchat=?,
        ref=?,
        salle_id=? 
    where
        id=?
Hibernate: 
    select
        m1_0.id,
        m1_0.dateAchat,
        m1_0.ref,
        s1_0.id,
        s1_0.code 
    from
        Machine m1_0 
    left join
        salles s1_0 
            on s1_0.id=m1_0.salle_id 
    where
        m1_0.id=?
Hibernate: 
    select
        m1_0.salle_id,
        m1_0.id,
        m1_0.dateAchat,
        m1_0.ref 
    from
        Machine m1_0 
    where
        m1_0.salle_id=?
Hibernate: 
    select
        m1_0.id,
        m1_0.dateAchat,
        m1_0.ref,
        s1_0.id,
        s1_0.code 
    from
        Machine m1_0 
    left join
        salles s1_0 
            on s1_0.id=m1_0.salle_id 
    where
        m1_0.id=?
Hibernate: 
    select
        m1_0.salle_id,
        m1_0.id,
        m1_0.dateAchat,
        m1_0.ref 
    from
        Machine m1_0 
    where
        m1_0.salle_id=?
Hibernate: 
    delete 
    from
        Machine 
    where
        id=?
Hibernate: 
    select
        s1_0.id,
        s1_0.code,
        m1_0.salle_id,
        m1_0.id,
        m1_0.dateAchat,
        m1_0.ref 
    from
        salles s1_0 
    left join
        Machine m1_0 
            on s1_0.id=m1_0.salle_id 
    where
        s1_0.id=?
Hibernate: 
    delete 
    from
        salles 
    where
        id=?
]]></system-out>
  </testcase>
</testsuite>