<?xml version="1.0" encoding="UTF-8"?>
<testsuite xmlns:xsi="http://www.w3.org/2001/XMLSchema-instance" xsi:noNamespaceSchemaLocation="https://maven.apache.org/surefire/maven-surefire-plugin/xsd/surefire-test-report-3.0.xsd" version="3.0" name="services.SalleServiceTest" time="0.323" tests="5" errors="0" skipped="0" failures="0">
  <properties>
[...]
</properties>
  <testcase name="testFindAll" classname="services.SalleServiceTest" time="0.111">
    <system-out><![CDATA[Hibernate: 
    insert 
    into
        salles
        (code) 
    values
        (?)
Hibernate: 
    select
        s1_0.id,
        s1_0.code 
    from
        salles s1_0
Hibernate: 
    select
        m1_0.salle_id,
        m1_0.id,
        m1_0.dateAchat,
        m1_0.ref 
    from
        Machine m1_0 
    where
        m1_0.salle_id=?
Hibernate: 
    select
        m1_0.salle_id,
        m1_0.id,
        m1_0.dateAchat,
        m1_0.ref 
    from
        Machine m1_0 
    where
        m1_0.salle_id=?
Hibernate: 
    select
        m1_0.salle_id,
        m1_0.id,
        m1_0.dateAchat,
        m1_0.ref 
    from
        Machine m1_0 
    where
        m1_0.salle_id=?
Hibernate: 
    select
        m1_0.salle_id,
        m1_0.id,
        m1_0.dateAchat,
        m1_0.ref 
    from
        Machine m1_0 
    where
        m1_0.salle_id=?
Hibernate: 
    select
        m1_0.salle_id,
        m1_0.id,
        m1_0.dateAchat,
        m1_0.ref 
    from
        Machine m1_0 
    where
        m1_0.salle_id=?
Hibernate: 
    select
        m1_0.salle_id,
        m1_0.id,
        m1_0.dateAchat,
        m1_0.ref 
    from
        Machine m1_0 
    where
        m1_0.salle_id=?
Hibernate: 
    select
        m1_0.salle_id,
        m1_0.id,
        m1_0.dateAchat,
        m1_0.ref 
    from
        Machine m1_0 
    where
        m1_0.salle_id=?
Hibernate: 
    select
        m1_0.salle_id,
        m1_0.id,
        m1_0.dateAchat,
        m1_0.ref 
    from
        Machine m1_0 
    where
        m1_0.salle_id=?
Hibernate: 
    select
        m1_0.salle_id,
        m1_0.id,
        m1_0.dateAchat,
        m1_0.ref 
    from
        Machine m1_0 
    where
        m1_0.salle_id=?
Hibernate: 
    select
        m1_0.salle_id,
        m1_0.id,
        m1_0.dateAchat,
        m1_0.ref 
    from
        Machine m1_0 
    where
        m1_0.salle_id=?
Hibernate: 
    select
        m1_0.salle_id,
        m1_0.id,
        m1_0.dateAchat,
        m1_0.ref 
    from
        Machine m1_0 
    where
        m1_0.salle_id=?
Hibernate: 
    select
        m1_0.salle_id,
        m1_0.id,
        m1_0.dateAchat,
        m1_0.ref 
    from
        Machine m1_0 
    where
        m1_0.salle_id=?
Hibernate: 
    select
        m1_0.salle_id,
        m1_0.id,
        m1_0.dateAchat,
        m1_0.ref 
    from
        Machine m1_0 
    where
        m1_0.salle_id=?
Hibernate: 
    select
        m1_0.salle_id,
        m1_0.id,
        m1_0.dateAchat,
        m1_0.ref 
    from
        Machine m1_0 
    where
        m1_0.salle_id=?
Hibernate: 
    select
        m1_0.salle_id,
        m1_0.id,
        m1_0.dateAchat,
        m1_0.ref 
    from
        Machine m1_0 
    where
        m1_0.salle_id=?
Hibernate: 
    select
        m1_0.salle_id,
        m1_0.id,
        m1_0.dateAchat,
        m1_0.ref 
    from
        Machine m1_0 
    where
        m1_0.salle_id=?
Hibernate: 
    select
        m1_0.salle_id,
        m1_0.id,
        m1_0.dateAchat,
        m1_0.ref 
    from
        Machine m1_0 
    where
        m1_0.salle_id=?
Hibernate: 
    select
        s1_0.id,
        s1_0.code,
        m1_0.salle_id,
        m1_0.id,
        m1_0.dateAchat,
        m1_0.ref 
    from
        salles s1_0 
    left join
        Machine m1_0 
            on s1_0.id=m1_0.salle_id 
    where
        s1_0.id=?
Hibernate: 
    delete 
    from
        salles 
    where
        id=?
]]></system-out>
  </testcase>
  <testcase name="testFindById" classname="services.SalleServiceTest" time="0.051">
    <system-out><![CDATA[Hibernate: 
    insert 
    into
        salles
        (code) 
    values
        (?)
Hibernate: 
    select
        s1_0.id,
        s1_0.code,
        m1_0.salle_id,
        m1_0.id,
        m1_0.dateAchat,
        m1_0.ref 
    from
        salles s1_0 
    left join
        Machine m1_0 
            on s1_0.id=m1_0.salle_id 
    where
        s1_0.id=?
Hibernate: 
    select
        s1_0.id,
        s1_0.code,
        m1_0.salle_id,
        m1_0.id,
        m1_0.dateAchat,
        m1_0.ref 
    from
        salles s1_0 
    left join
        Machine m1_0 
            on s1_0.id=m1_0.salle_id 
    where
        s1_0.id=?
Hibernate: 
    delete 
    from
        salles 
    where
        id=?
]]></system-out>
  </testcase>
  <testcase name="testCreate" classname="services.SalleServiceTest" time="0.037">
    <system-out><![CDATA[Hibernate: 
    insert 
    into
        salles
        (code) 
    values
        (?)
Hibernate: 
    select
        s1_0.id,
        s1_0.code,
        m1_0.salle_id,
        m1_0.id,
        m1_0.dateAchat,
        m1_0.ref 
    from
        salles s1_0 
    left join
        Machine m1_0 
            on s1_0.id=m1_0.salle_id 
    where
        s1_0.id=?
Hibernate: 
    delete 
    from
        salles 
    where
        id=?
]]></system-out>
  </testcase>
  <testcase name="testDelete" classname="services.SalleServiceTest" time="0.053">
    <system-out><![CDATA[Hibernate: 
    insert 
    into
        salles
        (code) 
    values
        (?)
Hibernate: 
    delete 
    from
        salles 
    where
        id=?
Hibernate: 
    select
        s1_0.id,
        s1_0.code,
        m1_0.salle_id,
        m1_0.id,
        m1_0.dateAchat,
        m1_0.ref 
    from
        salles s1_0 
    left join
        Machine m1_0 
            on s1_0.id=m1_0.salle_id 
    where
        s1_0.id=?
Hibernate: 
    select
        s1_0.id,
        s1_0.code,
        m1_0.salle_id,
        m1_0.id,
        m1_0.dateAchat,
        m1_0.ref 
    from
        salles s1_0 
    left join
        Machine m1_0 
            on s1_0.id=m1_0.salle_id 
    where
        s1_0.id=?
]]></system-out>
  </testcase>
  <testcase name="testUpdate" classname="services.SalleServiceTest" time="0.066">
    <system-out><![CDATA[Hibernate: 
    insert 
    into
        salles
        (code) 
    values
        (?)
Hibernate: 
    update
        salles 
    set
        code=? 
    where
        id=?
Hibernate: 
    select
        s1_0.id,
        s1_0.code,
        m1_0.salle_id,
        m1_0.id,
        m1_0.dateAchat,
        m1_0.ref 
    from
        salles s1_0 
    left join
        Machine m1_0 
            on s1_0.id=m1_0.salle_id 
    where
        s1_0.id=?
Hibernate: 
    select
        s1_0.id,
        s1_0.code,
        m1_0.salle_id,
        m1_0.id,
        m1_0.dateAchat,
        m1_0.ref 
    from
        salles s1_0 
    left join
        Machine m1_0 
            on s1_0.id=m1_0.salle_id 
    where
        s1_0.id=?
Hibernate: 
    delete 
    from
        salles 
    where
        id=?
]]></system-out>
  </testcase>
</testsuite>